<?xml version="1.0" encoding="UTF-8"?>
<testng-results skipped="0" failed="1" total="4" passed="3">
  <reporter-output>
    <line>
      <![CDATA[The title of the site is :ikman.lk - Electronics, Cars, Property and Jobs in Sri Lanka!]]>
    </line>
  </reporter-output>
  <suite name="IkmanV1" duration-ms="47023" started-at="2021-10-05T06:47:12Z" finished-at="2021-10-05T06:47:59Z">
    <groups>
    </groups>
    <test name="Ikman App test" duration-ms="47023" started-at="2021-10-05T06:47:12Z" finished-at="2021-10-05T06:47:59Z">
      <class name="com.ikman.testCases.Login_ikman">
        <test-method status="PASS" signature="startReport()[pri:0, instance:com.ikman.testCases.Login_ikman@598067a5]" name="startReport" is-config="true" duration-ms="305" started-at="2021-10-05T12:17:11Z" finished-at="2021-10-05T12:17:12Z">
          <reporter-output>
          </reporter-output>
        </test-method> <!-- startReport -->
        <test-method status="PASS" signature="setup()[pri:0, instance:com.ikman.testCases.Login_ikman@598067a5]" name="setup" is-config="true" duration-ms="4883" started-at="2021-10-05T12:17:12Z" finished-at="2021-10-05T12:17:17Z">
          <reporter-output>
          </reporter-output>
        </test-method> <!-- setup -->
        <test-method status="PASS" signature="login()[pri:1, instance:com.ikman.testCases.Login_ikman@598067a5]" name="login" duration-ms="17343" started-at="2021-10-05T12:17:17Z" finished-at="2021-10-05T12:17:34Z">
          <reporter-output>
          </reporter-output>
        </test-method> <!-- login -->
        <test-method status="PASS" signature="generate_report(org.testng.ITestResult)[pri:0, instance:com.ikman.testCases.Login_ikman@598067a5]" name="generate_report" is-config="true" duration-ms="11" started-at="2021-10-05T12:17:34Z" finished-at="2021-10-05T12:17:34Z">
          <params>
            <param index="0">
              <value>
                <![CDATA[[TestResult name=login status=SUCCESS method=Login_ikman.login()[pri:1, instance:com.ikman.testCases.Login_ikman@598067a5] output={null}]]]>
              </value>
            </param>
          </params>
          <reporter-output>
          </reporter-output>
        </test-method> <!-- generate_report -->
        <test-method status="FAIL" signature="verify_ikman_title()[pri:2, instance:com.ikman.testCases.Login_ikman@598067a5]" name="verify_ikman_title" duration-ms="16" started-at="2021-10-05T12:17:34Z" finished-at="2021-10-05T12:17:34Z">
          <exception class="java.lang.AssertionError">
            <message>
              <![CDATA[expected [ikman.lk] but found [ikman.lk - Electronics, Cars, Property and Jobs in Sri Lanka!]]]>
            </message>
            <full-stacktrace>
              <![CDATA[java.lang.AssertionError: expected [ikman.lk] but found [ikman.lk - Electronics, Cars, Property and Jobs in Sri Lanka!]
	at org.testng.Assert.fail(Assert.java:94)
	at org.testng.Assert.failNotEquals(Assert.java:513)
	at org.testng.Assert.assertEqualsImpl(Assert.java:135)
	at org.testng.Assert.assertEquals(Assert.java:116)
	at org.testng.Assert.assertEquals(Assert.java:190)
	at org.testng.Assert.assertEquals(Assert.java:200)
	at com.ikman.testCases.Login_ikman.verify_ikman_title(Login_ikman.java:58)
	at sun.reflect.NativeMethodAccessorImpl.invoke0(Native Method)
	at sun.reflect.NativeMethodAccessorImpl.invoke(Unknown Source)
	at sun.reflect.DelegatingMethodAccessorImpl.invoke(Unknown Source)
	at java.lang.reflect.Method.invoke(Unknown Source)
	at org.testng.internal.MethodInvocationHelper.invokeMethod(MethodInvocationHelper.java:86)
	at org.testng.internal.Invoker.invokeMethod(Invoker.java:643)
	at org.testng.internal.Invoker.invokeTestMethod(Invoker.java:820)
	at org.testng.internal.Invoker.invokeTestMethods(Invoker.java:1128)
	at org.testng.internal.TestMethodWorker.invokeTestMethods(TestMethodWorker.java:129)
	at org.testng.internal.TestMethodWorker.run(TestMethodWorker.java:112)
	at org.testng.TestRunner.privateRun(TestRunner.java:782)
	at org.testng.TestRunner.run(TestRunner.java:632)
	at org.testng.SuiteRunner.runTest(SuiteRunner.java:366)
	at org.testng.SuiteRunner.runSequentially(SuiteRunner.java:361)
	at org.testng.SuiteRunner.privateRun(SuiteRunner.java:319)
	at org.testng.SuiteRunner.run(SuiteRunner.java:268)
	at org.testng.SuiteRunnerWorker.runSuite(SuiteRunnerWorker.java:52)
	at org.testng.SuiteRunnerWorker.run(SuiteRunnerWorker.java:86)
	at org.testng.TestNG.runSuitesSequentially(TestNG.java:1244)
	at org.testng.TestNG.runSuitesLocally(TestNG.java:1169)
	at org.testng.TestNG.run(TestNG.java:1064)
	at org.testng.remote.AbstractRemoteTestNG.run(AbstractRemoteTestNG.java:132)
	at org.testng.remote.RemoteTestNG.initAndRun(RemoteTestNG.java:236)
	at org.testng.remote.RemoteTestNG.main(RemoteTestNG.java:81)
]]>
            </full-stacktrace>
          </exception> <!-- java.lang.AssertionError -->
          <reporter-output>
            <line>
              <![CDATA[The title of the site is :ikman.lk - Electronics, Cars, Property and Jobs in Sri Lanka!]]>
            </line>
          </reporter-output>
        </test-method> <!-- verify_ikman_title -->
        <test-method status="PASS" signature="generate_report(org.testng.ITestResult)[pri:0, instance:com.ikman.testCases.Login_ikman@598067a5]" name="generate_report" is-config="true" duration-ms="544" started-at="2021-10-05T12:17:34Z" finished-at="2021-10-05T12:17:34Z">
          <params>
            <param index="0">
              <value>
                <![CDATA[[TestResult name=verify_ikman_title status=FAILURE method=Login_ikman.verify_ikman_title()[pri:2, instance:com.ikman.testCases.Login_ikman@598067a5] output=The title of the site is :ikman.lk - Electronics, Cars, Property and Jobs in Sri Lanka!]]]>
              </value>
            </param>
          </params>
          <reporter-output>
          </reporter-output>
        </test-method> <!-- generate_report -->
        <test-method status="PASS" signature="tearDown()[pri:0, instance:com.ikman.testCases.Login_ikman@598067a5]" name="tearDown" is-config="true" duration-ms="5866" started-at="2021-10-05T12:17:53Z" finished-at="2021-10-05T12:17:59Z">
          <reporter-output>
          </reporter-output>
        </test-method> <!-- tearDown -->
      </class> <!-- com.ikman.testCases.Login_ikman -->
      <class name="com.ikman.testCases.PostAd_ikman">
        <test-method status="PASS" signature="post_ikmn()[pri:3, instance:com.ikman.testCases.PostAd_ikman@3c0ecd4b]" name="post_ikmn" duration-ms="11670" started-at="2021-10-05T12:17:34Z" finished-at="2021-10-05T12:17:46Z">
          <reporter-output>
          </reporter-output>
        </test-method> <!-- post_ikmn -->
        <test-method status="PASS" signature="generate_report(org.testng.ITestResult)[pri:0, instance:com.ikman.testCases.PostAd_ikman@3c0ecd4b]" name="generate_report" is-config="true" duration-ms="1" started-at="2021-10-05T12:17:46Z" finished-at="2021-10-05T12:17:46Z">
          <params>
            <param index="0">
              <value>
                <![CDATA[[TestResult name=post_ikmn status=SUCCESS method=PostAd_ikman.post_ikmn()[pri:3, instance:com.ikman.testCases.PostAd_ikman@3c0ecd4b] output={null}]]]>
              </value>
            </param>
          </params>
          <reporter-output>
          </reporter-output>
        </test-method> <!-- generate_report -->
        <test-method status="PASS" signature="setproperty_details()[pri:4, instance:com.ikman.testCases.PostAd_ikman@3c0ecd4b]" name="setproperty_details" duration-ms="6659" started-at="2021-10-05T12:17:46Z" finished-at="2021-10-05T12:17:53Z">
          <reporter-output>
          </reporter-output>
        </test-method> <!-- setproperty_details -->
        <test-method status="PASS" signature="generate_report(org.testng.ITestResult)[pri:0, instance:com.ikman.testCases.PostAd_ikman@3c0ecd4b]" name="generate_report" is-config="true" duration-ms="1" started-at="2021-10-05T12:17:53Z" finished-at="2021-10-05T12:17:53Z">
          <params>
            <param index="0">
              <value>
                <![CDATA[[TestResult name=setproperty_details status=SUCCESS method=PostAd_ikman.setproperty_details()[pri:4, instance:com.ikman.testCases.PostAd_ikman@3c0ecd4b] output={null}]]]>
              </value>
            </param>
          </params>
          <reporter-output>
          </reporter-output>
        </test-method> <!-- generate_report -->
      </class> <!-- com.ikman.testCases.PostAd_ikman -->
    </test> <!-- Ikman App test -->
  </suite> <!-- IkmanV1 -->
</testng-results>
